# JRE version: OpenJDK Runtime Environment (8.0_152-b01) (build 1.8.0_152-release-915-b01)
# Java VM: OpenJDK 64-Bit Server VM (25.152-b01 mixed mode windows-amd64 compressed oops)
Heap:
 PSYoungGen      total 223232K, used 168987K [0x00000000e0000000, 0x00000000f1880000, 0x0000000100000000)
  eden space 168448K, 73% used [0x00000000e0000000,0x00000000e791ee68,0x00000000ea480000)
  from space 54784K, 82% used [0x00000000ede80000,0x00000000f0a67e18,0x00000000f1400000)
  to   space 59392K, 0% used [0x00000000ea480000,0x00000000ea480000,0x00000000ede80000)
 ParOldGen       total 163840K, used 44519K [0x00000000a0000000, 0x00000000aa000000, 0x00000000e0000000)
  object space 163840K, 27% used [0x00000000a0000000,0x00000000a2b79ed8,0x00000000aa000000)
 Metaspace       used 79806K, capacity 84276K, committed 84440K, reserved 1122304K
  class space    used 10162K, capacity 11196K, committed 11264K, reserved 1048576K
GC Heap History (10 events):
Event: 933.499 GC heap before
{Heap before GC invocations=19 (full 3):
 PSYoungGen      total 224256K, used 224137K [0x00000000e0000000, 0x00000000f0980000, 0x0000000100000000)
  eden space 188928K, 100% used [0x00000000e0000000,0x00000000eb880000,0x00000000eb880000)
  from space 35328K, 99% used [0x00000000ebe00000,0x00000000ee062638,0x00000000ee080000)
  to   space 41472K, 0% used [0x00000000ee100000,0x00000000ee100000,0x00000000f0980000)
 ParOldGen       total 163840K, used 44479K [0x00000000a0000000, 0x00000000aa000000, 0x00000000e0000000)
  object space 163840K, 27% used [0x00000000a0000000,0x00000000a2b6fed8,0x00000000aa000000)
 Metaspace       used 74278K, capacity 77348K, committed 77656K, reserved 1116160K
  class space    used 9380K, capacity 10057K, committed 10112K, reserved 1048576K
Event: 933.550 GC heap after
Heap after GC invocations=19 (full 3):
 PSYoungGen      total 224768K, used 39847K [0x00000000e0000000, 0x00000000f0f00000, 0x0000000100000000)
  eden space 183296K, 0% used [0x00000000e0000000,0x00000000e0000000,0x00000000eb300000)
  from space 41472K, 96% used [0x00000000ee100000,0x00000000f07e9fc0,0x00000000f0980000)
  to   space 47104K, 0% used [0x00000000eb300000,0x00000000eb300000,0x00000000ee100000)
 ParOldGen       total 163840K, used 44487K [0x00000000a0000000, 0x00000000aa000000, 0x00000000e0000000)
  object space 163840K, 27% used [0x00000000a0000000,0x00000000a2b71ed8,0x00000000aa000000)
 Metaspace       used 74278K, capacity 77348K, committed 77656K, reserved 1116160K
  class space    used 9380K, capacity 10057K, committed 10112K, reserved 1048576K
}
Event: 937.069 GC heap before
{Heap before GC invocations=20 (full 3):
 PSYoungGen      total 224768K, used 222636K [0x00000000e0000000, 0x00000000f0f00000, 0x0000000100000000)
  eden space 183296K, 99% used [0x00000000e0000000,0x00000000eb2812a0,0x00000000eb300000)
  from space 41472K, 96% used [0x00000000ee100000,0x00000000f07e9fc0,0x00000000f0980000)
  to   space 47104K, 0% used [0x00000000eb300000,0x00000000eb300000,0x00000000ee100000)
 ParOldGen       total 163840K, used 44487K [0x00000000a0000000, 0x00000000aa000000, 0x00000000e0000000)
  object space 163840K, 27% used [0x00000000a0000000,0x00000000a2b71ed8,0x00000000aa000000)
 Metaspace       used 74493K, capacity 77624K, committed 77912K, reserved 1118208K
  class space    used 9382K, capacity 10059K, committed 10112K, reserved 1048576K
Event: 937.108 GC heap after
Heap after GC invocations=20 (full 3):
 PSYoungGen      total 230400K, used 32162K [0x00000000e0000000, 0x00000000f1f80000, 0x0000000100000000)
  eden space 183296K, 0% used [0x00000000e0000000,0x00000000e0000000,0x00000000eb300000)
  from space 47104K, 68% used [0x00000000eb300000,0x00000000ed268a00,0x00000000ee100000)
  to   space 49152K, 0% used [0x00000000eef80000,0x00000000eef80000,0x00000000f1f80000)
 ParOldGen       total 163840K, used 44495K [0x00000000a0000000, 0x00000000aa000000, 0x00000000e0000000)
  object space 163840K, 27% used [0x00000000a0000000,0x00000000a2b73ed8,0x00000000aa000000)
 Metaspace       used 74493K, capacity 77624K, committed 77912K, reserved 1118208K
  class space    used 9382K, capacity 10059K, committed 10112K, reserved 1048576K
}
Event: 1349.258 GC heap before
{Heap before GC invocations=21 (full 3):
 PSYoungGen      total 230400K, used 215458K [0x00000000e0000000, 0x00000000f1f80000, 0x0000000100000000)
  eden space 183296K, 100% used [0x00000000e0000000,0x00000000eb300000,0x00000000eb300000)
  from space 47104K, 68% used [0x00000000eb300000,0x00000000ed268a00,0x00000000ee100000)
  to   space 49152K, 0% used [0x00000000eef80000,0x00000000eef80000,0x00000000f1f80000)
 ParOldGen       total 163840K, used 44495K [0x00000000a0000000, 0x00000000aa000000, 0x00000000e0000000)
  object space 163840K, 27% used [0x00000000a0000000,0x00000000a2b73ed8,0x00000000aa000000)
 Metaspace       used 75848K, capacity 79290K, committed 79448K, reserved 1118208K
  class space    used 9556K, capacity 10367K, committed 10368K, reserved 1048576K
Event: 1349.302 GC heap after
Heap after GC invocations=21 (full 3):
 PSYoungGen      total 209408K, used 29926K [0x00000000e0000000, 0x00000000f0e00000, 0x0000000100000000)
  eden space 178176K, 0% used [0x00000000e0000000,0x00000000e0000000,0x00000000eae00000)
  from space 31232K, 95% used [0x00000000eef80000,0x00000000f0cb9978,0x00000000f0e00000)
  to   space 49152K, 0% used [0x00000000eae00000,0x00000000eae00000,0x00000000ede00000)
 ParOldGen       total 163840K, used 44503K [0x00000000a0000000, 0x00000000aa000000, 0x00000000e0000000)
  object space 163840K, 27% used [0x00000000a0000000,0x00000000a2b75ed8,0x00000000aa000000)
 Metaspace       used 75848K, capacity 79290K, committed 79448K, reserved 1118208K
  class space    used 9556K, capacity 10367K, committed 10368K, reserved 1048576K
}
Event: 1361.125 GC heap before
{Heap before GC invocations=22 (full 3):
 PSYoungGen      total 209408K, used 208102K [0x00000000e0000000, 0x00000000f0e00000, 0x0000000100000000)
  eden space 178176K, 100% used [0x00000000e0000000,0x00000000eae00000,0x00000000eae00000)
  from space 31232K, 95% used [0x00000000eef80000,0x00000000f0cb9978,0x00000000f0e00000)
  to   space 49152K, 0% used [0x00000000eae00000,0x00000000eae00000,0x00000000ede00000)
 ParOldGen       total 163840K, used 44503K [0x00000000a0000000, 0x00000000aa000000, 0x00000000e0000000)
  object space 163840K, 27% used [0x00000000a0000000,0x00000000a2b75ed8,0x00000000aa000000)
 Metaspace       used 79085K, capacity 83278K, committed 83544K, reserved 1122304K
  class space    used 10106K, capacity 11059K, committed 11136K, reserved 1048576K
Event: 1361.216 GC heap after
Heap after GC invocations=22 (full 3):
 PSYoungGen      total 222208K, used 44521K [0x00000000e0000000, 0x00000000f1400000, 0x0000000100000000)
  eden space 173056K, 0% used [0x00000000e0000000,0x00000000e0000000,0x00000000ea900000)
  from space 49152K, 90% used [0x00000000eae00000,0x00000000ed97a628,0x00000000ede00000)
  to   space 54784K, 0% used [0x00000000ede80000,0x00000000ede80000,0x00000000f1400000)
 ParOldGen       total 163840K, used 44511K [0x00000000a0000000, 0x00000000aa000000, 0x00000000e0000000)
  object space 163840K, 27% used [0x00000000a0000000,0x00000000a2b77ed8,0x00000000aa000000)
 Metaspace       used 79085K, capacity 83278K, committed 83544K, reserved 1122304K
  class space    used 10106K, capacity 11059K, committed 11136K, reserved 1048576K
}
Event: 1704.639 GC heap before
{Heap before GC invocations=23 (full 3):
 PSYoungGen      total 222208K, used 217577K [0x00000000e0000000, 0x00000000f1400000, 0x0000000100000000)
  eden space 173056K, 100% used [0x00000000e0000000,0x00000000ea900000,0x00000000ea900000)
  from space 49152K, 90% used [0x00000000eae00000,0x00000000ed97a628,0x00000000ede00000)
  to   space 54784K, 0% used [0x00000000ede80000,0x00000000ede80000,0x00000000f1400000)
 ParOldGen       total 163840K, used 44511K [0x00000000a0000000, 0x00000000aa000000, 0x00000000e0000000)
  object space 163840K, 27% used [0x00000000a0000000,0x00000000a2b77ed8,0x00000000aa000000)
 Metaspace       used 79570K, capacity 83938K, committed 84184K, reserved 1122304K
  class space    used 10142K, capacity 11161K, committed 11264K, reserved 1048576K
Event: 1704.730 GC heap after
Heap after GC invocations=23 (full 3):
 PSYoungGen      total 223232K, used 44959K [0x00000000e0000000, 0x00000000f1880000, 0x0000000100000000)
  eden space 168448K, 0% used [0x00000000e0000000,0x00000000e0000000,0x00000000ea480000)
  from space 54784K, 82% used [0x00000000ede80000,0x00000000f0a67e18,0x00000000f1400000)
  to   space 59392K, 0% used [0x00000000ea480000,0x00000000ea480000,0x00000000ede80000)
 ParOldGen       total 163840K, used 44519K [0x00000000a0000000, 0x00000000aa000000, 0x00000000e0000000)
  object space 163840K, 27% used [0x00000000a0000000,0x00000000a2b79ed8,0x00000000aa000000)
 Metaspace       used 79570K, capacity 83938K, committed 84184K, reserved 1122304K
  class space    used 10142K, capacity 11161K, committed 11264K, reserved 1048576K
}

